<?xml version="1.0" encoding="UTF-8"?>
<!-- Generated by org.testng.reporters.JUnitReportReporter -->
<testsuite skipped="0" hostname="DESKTOP-4JBAKI8" name="selenium.nov19.WebInteractions" tests="1" failures="0" timestamp="24 Nov 2019 04:21:41 GMT" time="14.276" errors="0">
  <testcase name="webInteractions" time="14.276" classname="selenium.nov19.WebInteractions"/>
</testsuite> <!-- selenium.nov19.WebInteractions -->
