<?xml version="1.0" encoding="UTF-8"?>
<!-- Generated by org.testng.reporters.JUnitReportReporter -->
<testsuite skipped="0" hostname="DESKTOP-4JBAKI8" name="selenium.nov19.WebDriverTest" tests="1" failures="0" timestamp="23 Nov 2019 00:13:04 GMT" time="19.233" errors="0">
  <testcase name="myFirstTest" time="19.233" classname="selenium.nov19.WebDriverTest"/>
</testsuite> <!-- selenium.nov19.WebDriverTest -->
