<?xml version="1.0" encoding="UTF-8"?>
<!-- Generated by org.testng.reporters.JUnitReportReporter -->
<testsuite skipped="0" hostname="DESKTOP-4JBAKI8" name="selenium.nov19.JBHIFITest" tests="1" failures="0" timestamp="23 Nov 2019 04:36:17 GMT" time="22.619" errors="0">
  <testcase name="getPrice" time="22.619" classname="selenium.nov19.JBHIFITest"/>
</testsuite> <!-- selenium.nov19.JBHIFITest -->
