<?xml version="1.0" encoding="UTF-8"?>
<!-- Generated by org.testng.reporters.JUnitReportReporter -->
<testsuite skipped="0" hostname="DESKTOP-4JBAKI8" name="servicenow.CreateIncident" tests="1" failures="0" timestamp="30 Nov 2019 00:01:56 GMT" time="40.480" errors="0">
  <testcase name="createNewIncident" time="40.480" classname="servicenow.CreateIncident"/>
</testsuite> <!-- servicenow.CreateIncident -->
