<?xml version="1.0" encoding="UTF-8"?>
<!-- Generated by org.testng.reporters.JUnitReportReporter -->
<testsuite skipped="0" hostname="DESKTOP-4JBAKI8" name="servicenow.ResolveIncident" tests="1" failures="0" timestamp="30 Nov 2019 00:12:48 GMT" time="55.528" errors="0">
  <testcase name="resolveIncident" time="55.528" classname="servicenow.ResolveIncident"/>
</testsuite> <!-- servicenow.ResolveIncident -->
