<?xml version="1.0" encoding="UTF-8"?>
<!-- Generated by org.testng.reporters.JUnitReportReporter -->
<testsuite skipped="0" hostname="DESKTOP-4JBAKI8" name="servicenow.CreateIncident" tests="1" failures="0" timestamp="28 Nov 2019 19:19:01 GMT" time="36.824" errors="0">
  <testcase name="createNewIncident" time="36.824" classname="servicenow.CreateIncident"/>
</testsuite> <!-- servicenow.CreateIncident -->
